{"C:\\Users\\monara.silva\\Desktop\\Vem Ser DBC\\jest\\jest-task\\task-01\\ex1\\retornaString.ts": {"path":"C:\\Users\\monara.silva\\Desktop\\Vem Ser DBC\\jest\\jest-task\\task-01\\ex1\\retornaString.ts","statementMap":{"0":{"start":{"line":2,"column":16},"end":{"line":2,"column":18}},"1":{"start":{"line":3,"column":2},"end":{"line":5,"column":null}},"2":{"start":{"line":3,"column":15},"end":{"line":3,"column":16}},"3":{"start":{"line":4,"column":4},"end":{"line":4,"column":19}},"4":{"start":{"line":6,"column":22},"end":{"line":6,"column":53}},"5":{"start":{"line":7,"column":21},"end":{"line":7,"column":49}},"6":{"start":{"line":8,"column":22},"end":{"line":8,"column":56}},"7":{"start":{"line":10,"column":2},"end":{"line":10,"column":84}},"8":{"start":{"line":1,"column":0},"end":{"line":1,"column":24}}},"fnMap":{"0":{"name":"mensagem","decl":{"start":{"line":1,"column":24},"end":{"line":1,"column":32}},"loc":{"start":{"line":1,"column":32},"end":{"line":11,"column":1}}}},"branchMap":{},"s":{"0":5,"1":5,"2":5,"3":250,"4":5,"5":5,"6":5,"7":5,"8":1},"f":{"0":5},"b":{}}
,"C:\\Users\\monara.silva\\Desktop\\Vem Ser DBC\\jest\\jest-task\\task-01\\ex2\\somaNumerosNaturais.ts": {"path":"C:\\Users\\monara.silva\\Desktop\\Vem Ser DBC\\jest\\jest-task\\task-01\\ex2\\somaNumerosNaturais.ts","statementMap":{"0":{"start":{"line":2,"column":4},"end":{"line":4,"column":null}},"1":{"start":{"line":3,"column":8},"end":{"line":3,"column":null}},"2":{"start":{"line":5,"column":4},"end":{"line":5,"column":40}},"3":{"start":{"line":1,"column":0},"end":{"line":1,"column":24}}},"fnMap":{"0":{"name":"SomaNumerosNaturais","decl":{"start":{"line":1,"column":24},"end":{"line":1,"column":43}},"loc":{"start":{"line":1,"column":71},"end":{"line":6,"column":1}}}},"branchMap":{"0":{"loc":{"start":{"line":2,"column":4},"end":{"line":4,"column":null}},"type":"if","locations":[{"start":{"line":2,"column":4},"end":{"line":4,"column":null}}]},"1":{"loc":{"start":{"line":2,"column":7},"end":{"line":2,"column":93}},"type":"binary-expr","locations":[{"start":{"line":2,"column":8},"end":{"line":2,"column":28}},{"start":{"line":2,"column":32},"end":{"line":2,"column":48}},{"start":{"line":2,"column":54},"end":{"line":2,"column":73}},{"start":{"line":2,"column":77},"end":{"line":2,"column":92}}]}},"s":{"0":5,"1":4,"2":1,"3":1},"f":{"0":5},"b":{"0":[4],"1":[5,4,3,2]}}
,"C:\\Users\\monara.silva\\Desktop\\Vem Ser DBC\\jest\\jest-task\\task-01\\ex3\\verificaTexto.ts": {"path":"C:\\Users\\monara.silva\\Desktop\\Vem Ser DBC\\jest\\jest-task\\task-01\\ex3\\verificaTexto.ts","statementMap":{"0":{"start":{"line":2,"column":4},"end":{"line":10,"column":null}},"1":{"start":{"line":3,"column":8},"end":{"line":3,"column":null}},"2":{"start":{"line":4,"column":10},"end":{"line":10,"column":null}},"3":{"start":{"line":5,"column":8},"end":{"line":5,"column":null}},"4":{"start":{"line":6,"column":10},"end":{"line":10,"column":null}},"5":{"start":{"line":7,"column":8},"end":{"line":7,"column":null}},"6":{"start":{"line":9,"column":8},"end":{"line":9,"column":null}},"7":{"start":{"line":1,"column":0},"end":{"line":1,"column":24}}},"fnMap":{"0":{"name":"VerificaTexto","decl":{"start":{"line":1,"column":24},"end":{"line":1,"column":37}},"loc":{"start":{"line":1,"column":42},"end":{"line":11,"column":1}}}},"branchMap":{"0":{"loc":{"start":{"line":2,"column":4},"end":{"line":10,"column":null}},"type":"if","locations":[{"start":{"line":2,"column":4},"end":{"line":10,"column":null}},{"start":{"line":4,"column":10},"end":{"line":10,"column":null}}]},"1":{"loc":{"start":{"line":4,"column":10},"end":{"line":10,"column":null}},"type":"if","locations":[{"start":{"line":4,"column":10},"end":{"line":10,"column":null}},{"start":{"line":6,"column":10},"end":{"line":10,"column":null}}]},"2":{"loc":{"start":{"line":6,"column":10},"end":{"line":10,"column":null}},"type":"if","locations":[{"start":{"line":6,"column":10},"end":{"line":10,"column":null}},{"start":{"line":8,"column":9},"end":{"line":10,"column":null}}]},"3":{"loc":{"start":{"line":6,"column":13},"end":{"line":6,"column":73}},"type":"binary-expr","locations":[{"start":{"line":6,"column":13},"end":{"line":6,"column":41}},{"start":{"line":6,"column":45},"end":{"line":6,"column":73}}]}},"s":{"0":4,"1":1,"2":3,"3":1,"4":2,"5":1,"6":1,"7":1},"f":{"0":4},"b":{"0":[1,3],"1":[1,2],"2":[1,1],"3":[2,2]}}
,"C:\\Users\\monara.silva\\Desktop\\Vem Ser DBC\\jest\\jest-task\\task-01\\ex4\\nameClientAndAttendant.ts": {"path":"C:\\Users\\monara.silva\\Desktop\\Vem Ser DBC\\jest\\jest-task\\task-01\\ex4\\nameClientAndAttendant.ts","statementMap":{"0":{"start":{"line":2,"column":4},"end":{"line":4,"column":null}},"1":{"start":{"line":3,"column":8},"end":{"line":3,"column":null}},"2":{"start":{"line":5,"column":4},"end":{"line":5,"column":null}},"3":{"start":{"line":1,"column":0},"end":{"line":1,"column":24}}},"fnMap":{"0":{"name":"NameClientAndAttendant","decl":{"start":{"line":1,"column":24},"end":{"line":1,"column":46}},"loc":{"start":{"line":1,"column":64},"end":{"line":6,"column":1}}}},"branchMap":{"0":{"loc":{"start":{"line":2,"column":4},"end":{"line":4,"column":null}},"type":"if","locations":[{"start":{"line":2,"column":4},"end":{"line":4,"column":null}}]},"1":{"loc":{"start":{"line":2,"column":7},"end":{"line":2,"column":42}},"type":"binary-expr","locations":[{"start":{"line":2,"column":7},"end":{"line":2,"column":21}},{"start":{"line":2,"column":25},"end":{"line":2,"column":42}}]}},"s":{"0":4,"1":3,"2":1,"3":1},"f":{"0":4},"b":{"0":[3],"1":[4,2]}}
,"C:\\Users\\monara.silva\\Desktop\\Vem Ser DBC\\jest\\jest-task\\task-01\\ex5\\calcularTempo.ts": {"path":"C:\\Users\\monara.silva\\Desktop\\Vem Ser DBC\\jest\\jest-task\\task-01\\ex5\\calcularTempo.ts","statementMap":{"0":{"start":{"line":2,"column":4},"end":{"line":4,"column":null}},"1":{"start":{"line":3,"column":8},"end":{"line":3,"column":null}},"2":{"start":{"line":5,"column":17},"end":{"line":5,"column":45}},"3":{"start":{"line":6,"column":4},"end":{"line":6,"column":22}},"4":{"start":{"line":7,"column":18},"end":{"line":7,"column":45}},"5":{"start":{"line":8,"column":4},"end":{"line":8,"column":21}},"6":{"start":{"line":9,"column":20},"end":{"line":9,"column":45}},"7":{"start":{"line":10,"column":27},"end":{"line":10,"column":40}},"8":{"start":{"line":12,"column":4},"end":{"line":12,"column":123}},"9":{"start":{"line":1,"column":0},"end":{"line":1,"column":24}}},"fnMap":{"0":{"name":"calcularTempo","decl":{"start":{"line":1,"column":24},"end":{"line":1,"column":37}},"loc":{"start":{"line":1,"column":46},"end":{"line":13,"column":1}}}},"branchMap":{"0":{"loc":{"start":{"line":2,"column":4},"end":{"line":4,"column":null}},"type":"if","locations":[{"start":{"line":2,"column":4},"end":{"line":4,"column":null}}]}},"s":{"0":4,"1":1,"2":3,"3":3,"4":3,"5":3,"6":3,"7":3,"8":3,"9":1},"f":{"0":4},"b":{"0":[1]}}
,"C:\\Users\\monara.silva\\Desktop\\Vem Ser DBC\\jest\\jest-task\\task-01\\ex6\\anoBissexto.ts": {"path":"C:\\Users\\monara.silva\\Desktop\\Vem Ser DBC\\jest\\jest-task\\task-01\\ex6\\anoBissexto.ts","statementMap":{"0":{"start":{"line":2,"column":4},"end":{"line":4,"column":null}},"1":{"start":{"line":3,"column":8},"end":{"line":3,"column":null}},"2":{"start":{"line":5,"column":4},"end":{"line":5,"column":128}},"3":{"start":{"line":1,"column":0},"end":{"line":1,"column":24}}},"fnMap":{"0":{"name":"eBissexto","decl":{"start":{"line":1,"column":24},"end":{"line":1,"column":33}},"loc":{"start":{"line":1,"column":37},"end":{"line":6,"column":1}}}},"branchMap":{"0":{"loc":{"start":{"line":2,"column":4},"end":{"line":4,"column":null}},"type":"if","locations":[{"start":{"line":2,"column":4},"end":{"line":4,"column":null}}]},"1":{"loc":{"start":{"line":2,"column":7},"end":{"line":2,"column":26}},"type":"binary-expr","locations":[{"start":{"line":2,"column":7},"end":{"line":2,"column":17}},{"start":{"line":2,"column":21},"end":{"line":2,"column":26}}]},"2":{"loc":{"start":{"line":5,"column":11},"end":{"line":5,"column":127}},"type":"cond-expr","locations":[{"start":{"line":5,"column":70},"end":{"line":5,"column":95}},{"start":{"line":5,"column":98},"end":{"line":5,"column":127}}]},"3":{"loc":{"start":{"line":5,"column":11},"end":{"line":5,"column":67}},"type":"binary-expr","locations":[{"start":{"line":5,"column":12},"end":{"line":5,"column":26}},{"start":{"line":5,"column":33},"end":{"line":5,"column":45}},{"start":{"line":5,"column":51},"end":{"line":5,"column":65}}]}},"s":{"0":4,"1":2,"2":2,"3":1},"f":{"0":4},"b":{"0":[2],"1":[4,3],"2":[1,1],"3":[2,1,1]}}
,"C:\\Users\\monara.silva\\Desktop\\Vem Ser DBC\\jest\\jest-task\\task-01\\ex7\\operacoes.ts": {"path":"C:\\Users\\monara.silva\\Desktop\\Vem Ser DBC\\jest\\jest-task\\task-01\\ex7\\operacoes.ts","statementMap":{"0":{"start":{"line":2,"column":4},"end":{"line":4,"column":null}},"1":{"start":{"line":3,"column":8},"end":{"line":3,"column":46}},"2":{"start":{"line":6,"column":4},"end":{"line":21,"column":null}},"3":{"start":{"line":8,"column":12},"end":{"line":8,"column":27}},"4":{"start":{"line":10,"column":12},"end":{"line":10,"column":27}},"5":{"start":{"line":12,"column":12},"end":{"line":12,"column":27}},"6":{"start":{"line":14,"column":12},"end":{"line":18,"column":null}},"7":{"start":{"line":15,"column":16},"end":{"line":15,"column":31}},"8":{"start":{"line":17,"column":16},"end":{"line":17,"column":null}},"9":{"start":{"line":20,"column":12},"end":{"line":20,"column":null}},"10":{"start":{"line":1,"column":0},"end":{"line":1,"column":24}}},"fnMap":{"0":{"name":"calcular","decl":{"start":{"line":1,"column":24},"end":{"line":1,"column":32}},"loc":{"start":{"line":1,"column":49},"end":{"line":22,"column":1}}}},"branchMap":{"0":{"loc":{"start":{"line":2,"column":4},"end":{"line":4,"column":null}},"type":"if","locations":[{"start":{"line":2,"column":4},"end":{"line":4,"column":null}}]},"1":{"loc":{"start":{"line":2,"column":8},"end":{"line":2,"column":30}},"type":"binary-expr","locations":[{"start":{"line":2,"column":8},"end":{"line":2,"column":17}},{"start":{"line":2,"column":21},"end":{"line":2,"column":30}}]},"2":{"loc":{"start":{"line":6,"column":4},"end":{"line":21,"column":null}},"type":"switch","locations":[{"start":{"line":7,"column":8},"end":{"line":8,"column":27}},{"start":{"line":9,"column":8},"end":{"line":10,"column":27}},{"start":{"line":11,"column":8},"end":{"line":12,"column":27}},{"start":{"line":13,"column":8},"end":{"line":18,"column":null}},{"start":{"line":19,"column":8},"end":{"line":20,"column":null}}]},"3":{"loc":{"start":{"line":14,"column":12},"end":{"line":18,"column":null}},"type":"if","locations":[{"start":{"line":14,"column":12},"end":{"line":18,"column":null}},{"start":{"line":16,"column":19},"end":{"line":18,"column":null}}]}},"s":{"0":7,"1":1,"2":6,"3":1,"4":1,"5":1,"6":2,"7":1,"8":1,"9":1,"10":1},"f":{"0":7},"b":{"0":[1],"1":[7,6],"2":[1,1,1,2,1],"3":[1,1]}}
,"C:\\Users\\monara.silva\\Desktop\\Vem Ser DBC\\jest\\jest-task\\task-01\\ex8\\primoGemio.ts": {"path":"C:\\Users\\monara.silva\\Desktop\\Vem Ser DBC\\jest\\jest-task\\task-01\\ex8\\primoGemio.ts","statementMap":{"0":{"start":{"line":2,"column":4},"end":{"line":4,"column":null}},"1":{"start":{"line":3,"column":8},"end":{"line":3,"column":25}},"2":{"start":{"line":6,"column":4},"end":{"line":6,"column":56}},"3":{"start":{"line":6,"column":43},"end":{"line":6,"column":56}},"4":{"start":{"line":8,"column":4},"end":{"line":10,"column":null}},"5":{"start":{"line":8,"column":17},"end":{"line":8,"column":18}},"6":{"start":{"line":9,"column":8},"end":{"line":9,"column":65}},"7":{"start":{"line":9,"column":52},"end":{"line":9,"column":65}},"8":{"start":{"line":12,"column":4},"end":{"line":12,"column":16}},"9":{"start":{"line":1,"column":0},"end":{"line":1,"column":16}},"10":{"start":{"line":16,"column":17},"end":{"line":16,"column":19}},"11":{"start":{"line":17,"column":4},"end":{"line":21,"column":null}},"12":{"start":{"line":17,"column":16},"end":{"line":17,"column":17}},"13":{"start":{"line":18,"column":8},"end":{"line":20,"column":null}},"14":{"start":{"line":19,"column":12},"end":{"line":19,"column":null}},"15":{"start":{"line":22,"column":4},"end":{"line":22,"column":24}},"16":{"start":{"line":15,"column":0},"end":{"line":15,"column":16}}},"fnMap":{"0":{"name":"isPrimo","decl":{"start":{"line":1,"column":16},"end":{"line":1,"column":23}},"loc":{"start":{"line":1,"column":29},"end":{"line":13,"column":1}}},"1":{"name":"primoGemeo","decl":{"start":{"line":15,"column":16},"end":{"line":15,"column":26}},"loc":{"start":{"line":15,"column":28},"end":{"line":23,"column":1}}}},"branchMap":{"0":{"loc":{"start":{"line":2,"column":4},"end":{"line":4,"column":null}},"type":"if","locations":[{"start":{"line":2,"column":4},"end":{"line":4,"column":null}}]},"1":{"loc":{"start":{"line":6,"column":4},"end":{"line":6,"column":56}},"type":"if","locations":[{"start":{"line":6,"column":4},"end":{"line":6,"column":56}}]},"2":{"loc":{"start":{"line":6,"column":7},"end":{"line":6,"column":41}},"type":"binary-expr","locations":[{"start":{"line":6,"column":7},"end":{"line":6,"column":22}},{"start":{"line":6,"column":26},"end":{"line":6,"column":41}}]},"3":{"loc":{"start":{"line":9,"column":8},"end":{"line":9,"column":65}},"type":"if","locations":[{"start":{"line":9,"column":8},"end":{"line":9,"column":65}}]},"4":{"loc":{"start":{"line":9,"column":11},"end":{"line":9,"column":50}},"type":"binary-expr","locations":[{"start":{"line":9,"column":11},"end":{"line":9,"column":26}},{"start":{"line":9,"column":30},"end":{"line":9,"column":50}}]},"5":{"loc":{"start":{"line":18,"column":8},"end":{"line":20,"column":null}},"type":"if","locations":[{"start":{"line":18,"column":8},"end":{"line":20,"column":null}}]},"6":{"loc":{"start":{"line":18,"column":11},"end":{"line":18,"column":39}},"type":"binary-expr","locations":[{"start":{"line":18,"column":11},"end":{"line":18,"column":21}},{"start":{"line":18,"column":25},"end":{"line":18,"column":39}}]}},"s":{"0":27,"1":2,"2":25,"3":13,"4":12,"5":12,"6":2,"7":2,"8":10,"9":1,"10":1,"11":1,"12":1,"13":17,"14":4,"15":1,"16":1},"f":{"0":27,"1":1},"b":{"0":[2],"1":[13],"2":[25,16],"3":[2],"4":[2,1],"5":[4],"6":[17,7]}}
,"C:\\Users\\monara.silva\\Desktop\\Vem Ser DBC\\jest\\jest-task\\task-01\\ex9\\mediaPonderada.ts": {"path":"C:\\Users\\monara.silva\\Desktop\\Vem Ser DBC\\jest\\jest-task\\task-01\\ex9\\mediaPonderada.ts","statementMap":{"0":{"start":{"line":2,"column":4},"end":{"line":4,"column":null}},"1":{"start":{"line":3,"column":8},"end":{"line":3,"column":null}},"2":{"start":{"line":5,"column":4},"end":{"line":5,"column":null}},"3":{"start":{"line":1,"column":0},"end":{"line":1,"column":24}}},"fnMap":{"0":{"name":"mediaPonderada","decl":{"start":{"line":1,"column":24},"end":{"line":1,"column":38}},"loc":{"start":{"line":1,"column":56},"end":{"line":6,"column":1}}}},"branchMap":{"0":{"loc":{"start":{"line":2,"column":4},"end":{"line":4,"column":null}},"type":"if","locations":[{"start":{"line":2,"column":4},"end":{"line":4,"column":null}}]},"1":{"loc":{"start":{"line":2,"column":7},"end":{"line":2,"column":160}},"type":"binary-expr","locations":[{"start":{"line":2,"column":8},"end":{"line":2,"column":17}},{"start":{"line":2,"column":21},"end":{"line":2,"column":27}},{"start":{"line":2,"column":34},"end":{"line":2,"column":43}},{"start":{"line":2,"column":47},"end":{"line":2,"column":54}},{"start":{"line":2,"column":60},"end":{"line":2,"column":69}},{"start":{"line":2,"column":73},"end":{"line":2,"column":79}},{"start":{"line":2,"column":86},"end":{"line":2,"column":95}},{"start":{"line":2,"column":99},"end":{"line":2,"column":106}},{"start":{"line":2,"column":112},"end":{"line":2,"column":121}},{"start":{"line":2,"column":125},"end":{"line":2,"column":131}},{"start":{"line":2,"column":138},"end":{"line":2,"column":147}},{"start":{"line":2,"column":151},"end":{"line":2,"column":158}}]}},"s":{"0":4,"1":3,"2":1,"3":1},"f":{"0":4},"b":{"0":[3],"1":[4,3,2,2,1,1,1,1,1,1,1,1]}}
}
