TN:
SF:task-01\ex1\retornaString.ts
FN:1,mensagem
FNF:1
FNH:1
FNDA:5,mensagem
DA:1,1
DA:2,5
DA:3,5
DA:4,250
DA:6,5
DA:7,5
DA:8,5
DA:10,5
LF:8
LH:8
BRF:0
BRH:0
end_of_record
TN:
SF:task-01\ex2\somaNumerosNaturais.ts
FN:1,SomaNumerosNaturais
FNF:1
FNH:1
FNDA:5,SomaNumerosNaturais
DA:1,1
DA:2,5
DA:3,4
DA:5,1
LF:4
LH:4
BRDA:2,0,0,4
BRDA:2,1,0,5
BRDA:2,1,1,4
BRDA:2,1,2,3
BRDA:2,1,3,2
BRF:5
BRH:5
end_of_record
TN:
SF:task-01\ex3\verificaTexto.ts
FN:1,VerificaTexto
FNF:1
FNH:1
FNDA:4,VerificaTexto
DA:1,1
DA:2,4
DA:3,1
DA:4,3
DA:5,1
DA:6,2
DA:7,1
DA:9,1
LF:8
LH:8
BRDA:2,0,0,1
BRDA:2,0,1,3
BRDA:4,1,0,1
BRDA:4,1,1,2
BRDA:6,2,0,1
BRDA:6,2,1,1
BRDA:6,3,0,2
BRDA:6,3,1,2
BRF:8
BRH:8
end_of_record
TN:
SF:task-01\ex4\nameClientAndAttendant.ts
FN:1,NameClientAndAttendant
FNF:1
FNH:1
FNDA:4,NameClientAndAttendant
DA:1,1
DA:2,4
DA:3,3
DA:5,1
LF:4
LH:4
BRDA:2,0,0,3
BRDA:2,1,0,4
BRDA:2,1,1,2
BRF:3
BRH:3
end_of_record
TN:
SF:task-01\ex5\calcularTempo.ts
FN:1,calcularTempo
FNF:1
FNH:1
FNDA:4,calcularTempo
DA:1,1
DA:2,4
DA:3,1
DA:5,3
DA:6,3
DA:7,3
DA:8,3
DA:9,3
DA:10,3
DA:12,3
LF:10
LH:10
BRDA:2,0,0,1
BRF:1
BRH:1
end_of_record
TN:
SF:task-01\ex6\anoBissexto.ts
FN:1,eBissexto
FNF:1
FNH:1
FNDA:4,eBissexto
DA:1,1
DA:2,4
DA:3,2
DA:5,2
LF:4
LH:4
BRDA:2,0,0,2
BRDA:2,1,0,4
BRDA:2,1,1,3
BRDA:5,2,0,1
BRDA:5,2,1,1
BRDA:5,3,0,2
BRDA:5,3,1,1
BRDA:5,3,2,1
BRF:8
BRH:8
end_of_record
TN:
SF:task-01\ex7\operacoes.ts
FN:1,calcular
FNF:1
FNH:1
FNDA:7,calcular
DA:1,1
DA:2,7
DA:3,1
DA:6,6
DA:8,1
DA:10,1
DA:12,1
DA:14,2
DA:15,1
DA:17,1
DA:20,1
LF:11
LH:11
BRDA:2,0,0,1
BRDA:2,1,0,7
BRDA:2,1,1,6
BRDA:6,2,0,1
BRDA:6,2,1,1
BRDA:6,2,2,1
BRDA:6,2,3,2
BRDA:6,2,4,1
BRDA:14,3,0,1
BRDA:14,3,1,1
BRF:10
BRH:10
end_of_record
TN:
SF:task-01\ex8\primoGemio.ts
FN:1,isPrimo
FN:15,primoGemeo
FNF:2
FNH:2
FNDA:27,isPrimo
FNDA:1,primoGemeo
DA:1,1
DA:2,27
DA:3,2
DA:6,25
DA:8,12
DA:9,2
DA:12,10
DA:15,1
DA:16,1
DA:17,1
DA:18,17
DA:19,4
DA:22,1
LF:13
LH:13
BRDA:2,0,0,2
BRDA:6,1,0,13
BRDA:6,2,0,25
BRDA:6,2,1,16
BRDA:9,3,0,2
BRDA:9,4,0,2
BRDA:9,4,1,1
BRDA:18,5,0,4
BRDA:18,6,0,17
BRDA:18,6,1,7
BRF:10
BRH:10
end_of_record
TN:
SF:task-01\ex9\mediaPonderada.ts
FN:1,mediaPonderada
FNF:1
FNH:1
FNDA:4,mediaPonderada
DA:1,1
DA:2,4
DA:3,3
DA:5,1
LF:4
LH:4
BRDA:2,0,0,3
BRDA:2,1,0,4
BRDA:2,1,1,3
BRDA:2,1,2,2
BRDA:2,1,3,2
BRDA:2,1,4,1
BRDA:2,1,5,1
BRDA:2,1,6,1
BRDA:2,1,7,1
BRDA:2,1,8,1
BRDA:2,1,9,1
BRDA:2,1,10,1
BRDA:2,1,11,1
BRF:13
BRH:13
end_of_record
